Arguments: 
  C:\Program Files\nodejs\node.exe C:\Users\OS\AppData\Roaming\npm\node_modules\yarn\bin\yarn.js start

PATH: 
  C:\Windows\system32;C:\Windows;C:\Windows\System32\Wbem;C:\Windows\System32\WindowsPowerShell\v1.0\;C:\Windows\System32\OpenSSH\;C:\Program Files (x86)\NVIDIA Corporation\PhysX\Common;C:\Program Files\NVIDIA Corporation\NVIDIA NvDLISR;C:\Program Files\Git\cmd;C:\Program Files\nodejs\;C:\Program Files (x86)\dotnet\;C:\Users\OS\AppData\Local\Microsoft\WindowsApps;;C:\Users\OS\AppData\Local\Programs\Microsoft VS Code\bin;C:\Users\OS\AppData\Roaming\npm

Yarn version: 
  1.22.19

Node version: 
  16.15.1

Platform: 
  win32 x64

Trace: 
  SyntaxError: D:\source-code\learn-nodejs\package.json: Unexpected token } in JSON at position 227
      at JSON.parse (<anonymous>)
      at C:\Users\OS\AppData\Roaming\npm\node_modules\yarn\lib\cli.js:1629:59
      at Generator.next (<anonymous>)
      at step (C:\Users\OS\AppData\Roaming\npm\node_modules\yarn\lib\cli.js:310:30)
      at C:\Users\OS\AppData\Roaming\npm\node_modules\yarn\lib\cli.js:321:13

npm manifest: 
  {
    "name": "learn-nodejs",
    "version": "1.0.0",
    "description": "",
    "main": "server.js",
    "scripts": {
      "test": "echo \"Error: no test specified\" && exit 1",
      "start": "nodemon -- exec babel-node src/server.js",
    },
    "author": "",
    "license": "ISC",
    "dependencies": {
      "body-parser": "^1.20.0",
      "ejs": "^3.1.8",
      "express": "^4.18.1"
    },
    "devDependencies": {
      "@babel/core": "^7.18.9",
      "@babel/node": "^7.18.9",
      "@babel/preset-env": "^7.18.9"
    }
  }

yarn manifest: 
  No manifest

Lockfile: 
  No lockfile
